<?xml version="1.0" encoding="UTF-8"?>
<!-- Generated by org.testng.reporters.JUnitReportReporter -->
<testsuite hostname="LAPTOP-F12NV5NH" failures="0" tests="1" name="Testngpkg.Actionmethod" time="0.978" errors="0" timestamp="2024-02-21T09:50:42 IST" skipped="0">
  <testcase classname="Testngpkg.Actionmethod" name="copypaste" time="0.978"/>
  <system-out/>
</testsuite> <!-- Testngpkg.Actionmethod -->
