<?xml version="1.0" encoding="UTF-8"?>
<!-- Generated by org.testng.reporters.JUnitReportReporter -->
<testsuite hostname="LAPTOP-F12NV5NH" failures="0" tests="1" name="Apachivepoi.Amazon" time="4.569" errors="0" timestamp="2024-02-28T09:53:29 IST" skipped="0">
  <testcase classname="Apachivepoi.Amazon" name="test" time="4.569"/>
  <system-out/>
</testsuite> <!-- Apachivepoi.Amazon -->
