<?xml version="1.0" encoding="UTF-8"?>
<!-- Generated by org.testng.reporters.JUnitReportReporter -->
<testsuite hostname="LAPTOP-F12NV5NH" failures="0" tests="1" name="Apachivepoi.Datepicker" time="6.667" errors="0" timestamp="2024-03-01T10:18:52 IST" skipped="0">
  <testcase classname="Apachivepoi.Datepicker" name="test" time="6.667"/>
  <system-out/>
</testsuite> <!-- Apachivepoi.Datepicker -->
