<?xml version="1.0" encoding="UTF-8"?>
<!-- Generated by org.testng.reporters.JUnitReportReporter -->
<testsuite hostname="LAPTOP-F12NV5NH" failures="0" tests="1" name="Testngpkg.Copypaste" time="1.277" errors="0" timestamp="2024-02-21T10:47:21 IST" skipped="0">
  <testcase classname="Testngpkg.Copypaste" name="copypaste" time="1.277"/>
  <system-out/>
</testsuite> <!-- Testngpkg.Copypaste -->
