<?xml version="1.0" encoding="UTF-8"?>
<!-- Generated by org.testng.reporters.JUnitReportReporter -->
<testsuite hostname="LAPTOP-F12NV5NH" failures="0" tests="1" name="Testngpkg.Lovefile" time="0.764" errors="0" timestamp="2024-02-23T10:02:57 IST" skipped="0">
  <testcase classname="Testngpkg.Lovefile" name="fileuploaded" time="0.764"/>
  <system-out/>
</testsuite> <!-- Testngpkg.Lovefile -->
