<?xml version="1.0" encoding="UTF-8"?>
<!-- Generated by org.testng.reporters.JUnitReportReporter -->
<testsuite hostname="LAPTOP-F12NV5NH" failures="0" tests="1" name="Testngpkg.Parameterisation" time="0.009" errors="0" timestamp="2024-02-20T09:34:19 IST" skipped="0">
  <testcase classname="Testngpkg.Parameterisation" name="test" time="0.009"/>
  <system-out/>
</testsuite> <!-- Testngpkg.Parameterisation -->
