<?xml version="1.0" encoding="UTF-8"?>
<!-- Generated by org.testng.reporters.JUnitReportReporter -->
<testsuite hostname="LAPTOP-F12NV5NH" failures="0" tests="1" name="Apachivepoi.Datadriventest" time="7.228" errors="0" timestamp="2024-03-11T10:38:38 IST" skipped="0">
  <testcase classname="Apachivepoi.Datadriventest" name="datadriven" time="7.228"/>
  <system-out/>
</testsuite> <!-- Apachivepoi.Datadriventest -->
