<?xml version="1.0" encoding="UTF-8"?>
<!-- Generated by org.testng.reporters.JUnitReportReporter -->
<testsuite hostname="LAPTOP-F12NV5NH" failures="0" tests="1" name="Testpkg.Fblogintest" time="0.316" errors="0" timestamp="2024-03-07T10:09:05 IST" skipped="0">
  <testcase classname="Testpkg.Fblogintest" name="testlogin" time="0.316"/>
  <system-out/>
</testsuite> <!-- Testpkg.Fblogintest -->
